f:\git repo\c_cpp\cpp_study_day01\0302 点和圆关系案例\debug\vc143.pdb
f:\git repo\c_cpp\cpp_study_day01\0302 点和圆关系案例\debug\vc143.idb
f:\git repo\c_cpp\cpp_study_day01\0302 点和圆关系案例\debug\point.obj
f:\git repo\c_cpp\cpp_study_day01\0302 点和圆关系案例\debug\circle.obj
f:\git repo\c_cpp\cpp_study_day01\0302 点和圆关系案例\debug\02 点和圆关系案例.obj
f:\git repo\c_cpp\cpp_study_day01\0302 点和圆关系案例\debug\0302 点和圆关系案例.ilk
f:\git repo\c_cpp\cpp_study_day01\debug\0302 点和圆关系案例.exe
f:\git repo\c_cpp\cpp_study_day01\debug\0302 点和圆关系案例.pdb
f:\git repo\c_cpp\0302 点和圆关系案例\debug\02 点和圆关系案例.obj
f:\git repo\c_cpp\0302 点和圆关系案例\debug\circle.obj
f:\git repo\c_cpp\0302 点和圆关系案例\debug\point.obj
f:\git repo\c_cpp\0302 点和圆关系案例\debug\0302 点和圆关系案例.ilk
f:\git repo\c_cpp\0302 点和圆关系案例\debug\vc143.idb
f:\git repo\c_cpp\0302 点和圆关系案例\debug\vc143.pdb
f:\git repo\c_cpp\debug\0302 点和圆关系案例.pdb
f:\git repo\c_cpp\debug\0302 点和圆关系案例.exe
f:\git repo\c_cpp\0302 点和圆关系案例\debug\0302 点和圆关系案例.tlog\cl.command.1.tlog
f:\git repo\c_cpp\0302 点和圆关系案例\debug\0302 点和圆关系案例.tlog\cl.items.tlog
f:\git repo\c_cpp\0302 点和圆关系案例\debug\0302 点和圆关系案例.tlog\cl.read.1.tlog
f:\git repo\c_cpp\0302 点和圆关系案例\debug\0302 点和圆关系案例.tlog\cl.write.1.tlog
f:\git repo\c_cpp\0302 点和圆关系案例\debug\0302 点和圆关系案例.tlog\link.command.1.tlog
f:\git repo\c_cpp\0302 点和圆关系案例\debug\0302 点和圆关系案例.tlog\link.read.1.tlog
f:\git repo\c_cpp\0302 点和圆关系案例\debug\0302 点和圆关系案例.tlog\link.write.1.tlog
